[self]
IAM=L2eKo.exe|1415063503|1029454
[misc]
Server=127.0.0.1
ModifyHost=0
[files]
fcount=142
F1=system\actionname-e.dat|10188588|6967|n
F2=system\ALAudio.dll|1515909778|123615|n
F3=system\ALAudio.int|346832270|948|n
F4=system\armorgrp.dat|3475376272|104269|n
F5=system\asiahm-medium.ttf|3159357339|258648|n
F6=system\bighead.int|1248169659|262|n
F7=system\castlename-e.dat|4134542016|1207|n
F8=system\chargrp.dat|3354324215|2605|n
F9=system\chatfilter.ini|1881929049|247|n
F10=system\classinfo-e.dat|1340147583|2357|n
F11=system\Client.ini|2222968613|204|n
F12=system\CliExt.dll|518138595|862353|n
F13=system\cloak.int|3105663791|319|n
F14=system\commandname-e.dat|2459669132|1465|n
F15=system\Core.dll|3878019028|436537|n
F16=system\core.int|922090403|1663|n
F17=system\Core.u|650825470|20998|n
F18=system\creditfont.gly|3388573254|8339|n
F19=system\creditgrp-e.dat|3291412935|949|n
F20=system\D3DDrv.dll|3540574456|559670|n
F21=system\defopenal32.dll|838599976|43409|n
F22=system\dsetup.dll|3322898524|4687|n
F23=system\Editor.u|4246755637|161542|n
F24=system\encvag.dll|585854182|69458|n
F25=system\engine.dll|2534556762|3539779|n
F26=system\Engine.int|2835073687|2677|n
F27=system\Engine.u|3849765416|762021|n
F28=system\entereventgrp.dat|4152560657|4153|n
F29=system\env.int|525271215|1814|n
F30=system\etcitemgrp.dat|4292230765|81479|n
F31=system\eula-e.dat|2880993528|12587|n
F32=system\Fire.dll|3742745481|109071|n
F33=system\Fire.u|3764176636|4601|n
F34=system\GamePlay.u|4012993842|63525|n
F35=system\gametip-e.dat|20394344|13105|n
F36=system\hair.int|845510389|2187|n
F37=system\hairaccessarygrp.dat|3715388094|575|n
F38=system\hairaccessorylocgrp.dat|3798837694|4293|n
F39=system\hairgrp.dat|2550331368|425|n
F40=system\helmetgrp.dat|2972180576|561|n
F41=system\hennagrp-e.dat|1157993287|2099|n
F42=system\huntingzone-e.dat|2078855700|5817|n
F43=system\ifc23.dll|3996326490|93552|n
F44=system\interface.u|395109378|453377|n
F45=system\interface.xdat|282028282|52593|n
F46=system\IpDrv.dll|1324833471|154526|n
F47=system\ipdrv.int|746606829|738|n
F48=system\IpDrv.u|1087196104|23273|n
F49=system\itemname-e.dat|4020276389|240761|n
F50=system\l2.exe|4019829803|181743|n
F51=system\l2.ini|3516025220|3491|n
F52=system\l2.int|3403574337|218|n
F53=system\l2.log|3051448307|5506|n
F54=system\L2CompiledShader.bin|558161692|144|n
F55=system\l2forecf.ffe|903581732|823|n
F56=system\largefont-e.gly|2921806843|477|n
F57=system\largefont-r.gly|2693834575|1057|n
F58=system\largefont.gly|4128575742|9546|n
F59=system\Lineage2us.ini|3143221677|688|n
F60=system\LineageCreature.dll|1861761128|53380|n
F61=system\LineageCreature.u|3663715608|4335|n
F62=system\LineageDeco.u|2812918658|2338|n
F63=system\lineageeffect.u|401428468|295948|n
F64=system\LineageMonster.int|3111730706|11059|n
F65=system\LineageMonster.u|146925414|38713|n
F66=system\lineagemonster2.int|1692676035|3165|n
F67=system\LineageMonster2.u|3778245849|14112|n
F68=system\LineageMonster3.int|886951415|2715|n
F69=system\LineageMonster3.u|140874086|16894|n
F70=system\LineageNpc.int|684076603|4098|n
F71=system\lineagenpc.u|2219029861|21281|n
F72=system\lineagenpc2.int|2970952256|651|n
F73=system\lineagenpc2.u|3438763569|4216|n
F74=system\lineagenpcev.u|1228788265|3686|n
F75=system\LineageVehicle.u|452427208|3356|n
F76=system\lineagewarrior.int|2436343239|16585|n
F77=system\LineageWarrior.u|1869207746|8808|n
F78=system\Localization.ini|3193582036|1052|n
F79=system\logongrp.dat|3696061373|559|n
F80=system\mobskillanimgrp.dat|2599829638|67793|n
F81=system\msxml4.dll|2051320544|621498|n
F82=system\msxml4a.dll|474088287|12573|n
F83=system\msxml4r.dll|91242215|13409|n
F84=system\musicinfo.dat|2151576254|3505|n
F85=system\nosleep.dll|1223442908|769|n
F86=system\npcgrp.dat|3142759690|234481|n
F87=system\npcname-e.dat|3612076847|51648|n
F88=system\npkcrypt.dll|3684922485|142083|n
F89=system\npkcrypt.sys|3641677030|12934|n
F90=system\npkcrypt.vxd|815372938|10989|n
F91=system\npkcusb.sys|3513906342|8212|n
F92=system\npkpdb.dll|3143883412|16977|n
F93=system\nwindow.dll|574980547|1141330|n
F94=system\nwindow.u|2418308341|74309|n
F95=system\obscene-e.dat|1863350780|430|n
F96=system\ogg.dll|3661932618|26633|n
F97=system\openal32.dll|1567137641|52075|n
F98=system\Option.ini|343879164|705|n
F99=system\optiondata_client-e.dat|4234935526|96350|n
F100=system\questname-e.dat|1574723803|188652|n
F101=system\raiddata-e.dat|2547192268|29880|n
F102=system\recipe-c.dat|330160006|23988|n
F103=system\servername-e.dat|4095393241|1207|n
F104=system\skillgrp.dat|1568538670|159836|n
F105=system\skillname-e.dat|3840821268|294794|n
F106=system\skillsoundgrp.dat|1179028340|28350|n
F107=system\smallfont-e.gly|2006588750|966|n
F108=system\smallfont-r.gly|2006588750|966|n
F109=system\smallfont.gly|3052886624|8515|n
F110=system\soulshot.int|682878827|483|n
F111=system\staticobject-e.dat|1019252255|2619|n
F112=system\symbolname-e.dat|2138545033|434|n
F113=system\sysstring-e.dat|4185722049|15157|n
F114=system\systemmsg-e.dat|2870153110|52932|n
F115=system\s_info.ini|527408751|151|n
F116=system\timeenv0.int|3505078655|2037|n
F117=system\timeenv1.int|775309331|2018|n
F118=system\timeenv2.int|4245690507|1928|n
F119=system\timeenv3.int|1796665660|1844|n
F120=system\ttfontinfo.ini|4262696533|507|n
F121=system\udebugmenu.u|283477505|47775|n
F122=system\user.ini|1656587751|4519|n
F123=system\UWindow.u|2135168944|174543|n
F124=system\variationeffectgrp-e.dat|3878169255|1607|n
F125=system\vorbis.dll|2447108040|131984|n
F126=system\vorbisfile.dll|1325627412|50303|n
F127=system\weapongrp.dat|2001580964|78277|n
F128=system\wform.bm|4273309150|283682|n
F129=system\Window.dll|2345862322|220198|n
F130=system\window.int|2512800258|1241|n
F131=system\WindowsInfo.ini|1644575462|783|n
F132=system\WinDrv.dll|872039988|198494|n
F133=system\windrv.int|142228167|515|n
F134=system\wrap_oal.dll|256447280|186081|n
F135=system\zonename-e.dat|2132244993|6195|n
F136=systextures\Custom.utx|2544686358|12459|n
F137=systextures\eurosil.utx|3255740509|7092|n
F138=systextures\Icon.utx|284705854|1620852|n
F139=systextures\itemskill.utx|3289631395|16170|n
F140=systextures\L2Font-r.utx|39068911|5539|n
F141=systextures\symbol.utx|121709965|40730|n
F142=updater.ini|3240966607|220|n
